Using pre-set license
Built from '2020.3/release' branch; Version is '2020.3.1f1 (77a89f25062f) revision 7841951'; Using compiler version '192528614'; Build Type 'Release'
OS: 'Windows 10 Pro; OS build 19043.1826; Version 2009; 64bit' Language: 'en' Physical Memory: 5845 MB
BatchMode: 1, IsHumanControllingUs: 0, StartBugReporterOnCrash: 0, Is64bit: 1, IsPro: 0

 COMMAND LINE ARGUMENTS:
D:\Unity\Editor\2020.3.1f1\Editor\Unity.exe
-adb2
-batchMode
-noUpm
-name
AssetImportWorker0
-projectPath
D:/PasantiaInstitucional/UnityProject/Recorrido_Virtual_PTAR
-logFile
Logs/AssetImportWorker0.log
-srvPort
56259
Successfully changed project path to: D:/PasantiaInstitucional/UnityProject/Recorrido_Virtual_PTAR
D:/PasantiaInstitucional/UnityProject/Recorrido_Virtual_PTAR
Using Asset Import Pipeline V2.
Refreshing native plugins compatible for Editor in 154.72 ms, found 0 plugins.
Preloading 0 native plugins for Editor in 0.00 ms.
Initialize engine version: 2020.3.1f1 (77a89f25062f)
[Subsystems] Discovering subsystems at path D:/Unity/Editor/2020.3.1f1/Editor/Data/Resources/UnitySubsystems
[Subsystems] Discovering subsystems at path D:/PasantiaInstitucional/UnityProject/Recorrido_Virtual_PTAR/Assets
GfxDevice: creating device client; threaded=0
Direct3D:
    Version:  Direct3D 11.0 [level 11.0]
    Renderer: Intel(R) HD Graphics 4000 (ID=0x166)
    Vendor:   
    VRAM:     128 MB
    Driver:   10.18.10.4252
Initialize mono
Mono path[0] = 'D:/Unity/Editor/2020.3.1f1/Editor/Data/Managed'
Mono path[1] = 'D:/Unity/Editor/2020.3.1f1/Editor/Data/MonoBleedingEdge/lib/mono/unityjit'
Mono config path = 'D:/Unity/Editor/2020.3.1f1/Editor/Data/MonoBleedingEdge/etc'
Using monoOptions --debugger-agent=transport=dt_socket,embedding=1,server=y,suspend=n,address=127.0.0.1:56572
Begin MonoManager ReloadAssembly
Registering precompiled unity dll's ...
Register platform support module: D:/Unity/Editor/2020.3.1f1/Editor/Data/PlaybackEngines/WebGLSupport/UnityEditor.WebGL.Extensions.dll
Register platform support module: D:/Unity/Editor/2020.3.1f1/Editor/Data/PlaybackEngines/MacStandaloneSupport/UnityEditor.OSXStandalone.Extensions.dll
Register platform support module: D:/Unity/Editor/2020.3.1f1/Editor/Data/PlaybackEngines/WindowsStandaloneSupport/UnityEditor.WindowsStandalone.Extensions.dll
Registered in 0.034918 seconds.
Native extension for WindowsStandalone target not found
Native extension for OSXStandalone target not found
Native extension for WebGL target not found
Refreshing native plugins compatible for Editor in 106.78 ms, found 0 plugins.
Preloading 0 native plugins for Editor in 0.00 ms.
Invoked RoslynAnalysisRunner static constructor.
RoslynAnalysisRunner will not be running.
RoslynAnalysisRunner has terminated.
Mono: successfully reloaded assembly
- Completed reload, in 11.839 seconds
Platform modules already initialized, skipping
Registering precompiled user dll's ...
Registered in 0.007189 seconds.
Begin MonoManager ReloadAssembly
Native extension for WindowsStandalone target not found
Native extension for OSXStandalone target not found
Native extension for WebGL target not found
Refreshing native plugins compatible for Editor in 0.62 ms, found 0 plugins.
Preloading 0 native plugins for Editor in 0.00 ms.
Invoked RoslynAnalysisRunner static constructor.
RoslynAnalysisRunner will not be running.
RoslynAnalysisRunner has terminated.
Mono: successfully reloaded assembly
- Completed reload, in  3.846 seconds
Platform modules already initialized, skipping
========================================================================
Worker process is ready to serve import requests
Launched and connected shader compiler UnityShaderCompiler.exe after 0.22 seconds
Refreshing native plugins compatible for Editor in 0.52 ms, found 0 plugins.
Preloading 0 native plugins for Editor in 0.00 ms.
Unloading 1115 Unused Serialized files (Serialized files now loaded: 0)
System memory in use before: 71.3 MB.
System memory in use after: 71.3 MB.

Unloading 10 unused Assets to reduce memory usage. Loaded Objects now: 1580.
Total: 29.077000 ms (FindLiveObjects: 0.552100 ms CreateObjectMapping: 0.324500 ms MarkObjects: 27.883800 ms  DeleteObjects: 0.311400 ms)

========================================================================
Received Import Request.
  path: Assets/PTAR/Models/ModContainer.fbx
  artifactKey: Guid(ab0613588b93b91409ba7143212dd39b) Importer(815301076,1909f56bfc062723c751e8b465ee728b)
Start importing Assets/PTAR/Models/ModContainer.fbx using Guid(ab0613588b93b91409ba7143212dd39b) Importer(815301076,1909f56bfc062723c751e8b465ee728b)  -> (artifact id: '623746f40780a1ab187fc82d3124b138') in 1.232464 seconds
  Import took 1.239521 seconds .

========================================================================
Received Import Request.
  Time since last request: 2800.037141 seconds.
  path: Assets/PTAR/Models/MoodStructure.fbx
  artifactKey: Guid(5c1a96516cfbd5e4c8b521694e454ba6) Importer(815301076,1909f56bfc062723c751e8b465ee728b)
Start importing Assets/PTAR/Models/MoodStructure.fbx using Guid(5c1a96516cfbd5e4c8b521694e454ba6) Importer(815301076,1909f56bfc062723c751e8b465ee728b)  -> (artifact id: '48679302e5ed0a67fcabb72e6c0cdf28') in 0.167309 seconds
  Import took 0.272167 seconds .

========================================================================
Received Import Request.
  Time since last request: 78084.458226 seconds.
  path: Assets/BrokenVector/LowPolyCarPack/ExampleAssets/Models/Materials/wire.mat
  artifactKey: Guid(dcf6ff65abb46fd44b9b46a4ea2769c2) Importer(815301076,1909f56bfc062723c751e8b465ee728b)
Start importing Assets/BrokenVector/LowPolyCarPack/ExampleAssets/Models/Materials/wire.mat using Guid(dcf6ff65abb46fd44b9b46a4ea2769c2) Importer(815301076,1909f56bfc062723c751e8b465ee728b)  -> (artifact id: '1a3890787b10a1276a6e7d4eb01feb86') in 0.480729 seconds
  Import took 0.567616 seconds .

========================================================================
Received Import Request.
  Time since last request: 0.001051 seconds.
  path: Assets/BrokenVector/LowPolyCarPack/ExampleAssets/Models/Materials/wood.mat
  artifactKey: Guid(4bc462b665aa4b04fac0cadf86f4eb04) Importer(815301076,1909f56bfc062723c751e8b465ee728b)
Start importing Assets/BrokenVector/LowPolyCarPack/ExampleAssets/Models/Materials/wood.mat using Guid(4bc462b665aa4b04fac0cadf86f4eb04) Importer(815301076,1909f56bfc062723c751e8b465ee728b)  -> (artifact id: 'f9568c9f1c355e02dfa11b5738f964ff') in 0.041590 seconds
  Import took 0.048198 seconds .

========================================================================
Received Import Request.
  Time since last request: 0.000568 seconds.
  path: Assets/BrokenVector/LowPolyCarPack/ExampleAssets/Models/Materials/yellowgreen.mat
  artifactKey: Guid(c86769698a3d6814d9e5a560c5c20e6c) Importer(815301076,1909f56bfc062723c751e8b465ee728b)
Start importing Assets/BrokenVector/LowPolyCarPack/ExampleAssets/Models/Materials/yellowgreen.mat using Guid(c86769698a3d6814d9e5a560c5c20e6c) Importer(815301076,1909f56bfc062723c751e8b465ee728b)  -> (artifact id: 'e1b624fec44a04c849f643179b1b41ef') in 0.046482 seconds
  Import took 0.052338 seconds .

========================================================================
Received Import Request.
  Time since last request: 1.691477 seconds.
  path: Assets/BrokenVector/LowPolyCarPack/ExampleAssets/Models/Materials/rock.mat
  artifactKey: Guid(a60f2e7b2b5dd834e9a746ed245d069e) Importer(815301076,1909f56bfc062723c751e8b465ee728b)
Start importing Assets/BrokenVector/LowPolyCarPack/ExampleAssets/Models/Materials/rock.mat using Guid(a60f2e7b2b5dd834e9a746ed245d069e) Importer(815301076,1909f56bfc062723c751e8b465ee728b)  -> (artifact id: 'b3e01607f638ead1a43c8a987fbd5c35') in 0.037855 seconds
  Import took 0.043410 seconds .

========================================================================
Received Import Request.
  Time since last request: 0.000668 seconds.
  path: Assets/BrokenVector/LowPolyCarPack/ExampleAssets/Models/Materials/Sand.mat
  artifactKey: Guid(cb2e75aa1bf35ab4dbb9e063eed6be6e) Importer(815301076,1909f56bfc062723c751e8b465ee728b)
Start importing Assets/BrokenVector/LowPolyCarPack/ExampleAssets/Models/Materials/Sand.mat using Guid(cb2e75aa1bf35ab4dbb9e063eed6be6e) Importer(815301076,1909f56bfc062723c751e8b465ee728b)  -> (artifact id: 'd289c001ce952258c4645e1464521b83') in 0.038411 seconds
  Import took 0.044623 seconds .

========================================================================
Received Import Request.
  Time since last request: 0.000661 seconds.
  path: Assets/BrokenVector/LowPolyCarPack/ExampleAssets/Models/Materials/stripes.mat
  artifactKey: Guid(e4784b48ac99cf140bc2d0eaebee4644) Importer(815301076,1909f56bfc062723c751e8b465ee728b)
Start importing Assets/BrokenVector/LowPolyCarPack/ExampleAssets/Models/Materials/stripes.mat using Guid(e4784b48ac99cf140bc2d0eaebee4644) Importer(815301076,1909f56bfc062723c751e8b465ee728b)  -> (artifact id: '9add4882c460a6ebbdc12a756021cbde') in 0.042083 seconds
  Import took 0.048730 seconds .

========================================================================
Received Import Request.
  Time since last request: 0.127933 seconds.
  path: Assets/BrokenVector/LowPolyCarPack/ExampleAssets/Models/Materials/road.mat
  artifactKey: Guid(bc5af52b5ad16ea45b5dab458ce6d4f4) Importer(815301076,1909f56bfc062723c751e8b465ee728b)
Start importing Assets/BrokenVector/LowPolyCarPack/ExampleAssets/Models/Materials/road.mat using Guid(bc5af52b5ad16ea45b5dab458ce6d4f4) Importer(815301076,1909f56bfc062723c751e8b465ee728b)  -> (artifact id: '1710f2db035976598208a593bf0d6f1f') in 0.029406 seconds
  Import took 0.035135 seconds .

========================================================================
Received Import Request.
  Time since last request: 0.000433 seconds.
  path: Assets/BrokenVector/LowPolyCarPack/ExampleAssets/Models/Materials/roadalt.mat
  artifactKey: Guid(2afdb63b43302a8498b4e6c3f80d52e4) Importer(815301076,1909f56bfc062723c751e8b465ee728b)
Start importing Assets/BrokenVector/LowPolyCarPack/ExampleAssets/Models/Materials/roadalt.mat using Guid(2afdb63b43302a8498b4e6c3f80d52e4) Importer(815301076,1909f56bfc062723c751e8b465ee728b)  -> (artifact id: 'c712fa52171f89a8f08c30e8bfe0980a') in 0.036058 seconds
  Import took 0.040460 seconds .

========================================================================
Received Import Request.
  Time since last request: 671.086202 seconds.
  path: Assets/Scripts
  artifactKey: Guid(576e326c9aae580419fbb8e43e3c01ea) Importer(815301076,1909f56bfc062723c751e8b465ee728b)
Start importing Assets/Scripts using Guid(576e326c9aae580419fbb8e43e3c01ea) Importer(815301076,1909f56bfc062723c751e8b465ee728b)  -> (artifact id: '747928e26a2c3b0e770ea0464006e631') in 0.012732 seconds
  Import took 0.019932 seconds .

========================================================================
Received Import Request.
  Time since last request: 22.728749 seconds.
  path: Assets/Scripts/MoveBehavior.cs
  artifactKey: Guid(9b3fab430285d3e4a969588e91bffb55) Importer(815301076,1909f56bfc062723c751e8b465ee728b)
Start importing Assets/Scripts/MoveBehavior.cs using Guid(9b3fab430285d3e4a969588e91bffb55) Importer(815301076,1909f56bfc062723c751e8b465ee728b)  -> (artifact id: 'c91c0e38b8932ad750062dc7f646e875') in 0.061214 seconds
  Import took 0.067235 seconds .

========================================================================
Received Prepare
Registering precompiled user dll's ...
Registered in 0.003832 seconds.
Begin MonoManager ReloadAssembly
Native extension for WindowsStandalone target not found
Native extension for OSXStandalone target not found
Native extension for WebGL target not found
Refreshing native plugins compatible for Editor in 1.57 ms, found 0 plugins.
Preloading 0 native plugins for Editor in 0.00 ms.
Invoked RoslynAnalysisRunner static constructor.
RoslynAnalysisRunner will not be running.
RoslynAnalysisRunner has terminated.
Mono: successfully reloaded assembly
- Completed reload, in  3.542 seconds
Platform modules already initialized, skipping
Refreshing native plugins compatible for Editor in 0.56 ms, found 0 plugins.
Preloading 0 native plugins for Editor in 0.00 ms.
Unloading 1109 Unused Serialized files (Serialized files now loaded: 0)
System memory in use before: 74.6 MB.
System memory in use after: 74.7 MB.

Unloading 5 unused Assets to reduce memory usage. Loaded Objects now: 1627.
Total: 3.665100 ms (FindLiveObjects: 0.195700 ms CreateObjectMapping: 0.065300 ms MarkObjects: 3.255900 ms  DeleteObjects: 0.145300 ms)

========================================================================
Received Prepare
Registering precompiled user dll's ...
Registered in 0.005720 seconds.
Begin MonoManager ReloadAssembly
Native extension for WindowsStandalone target not found
Native extension for OSXStandalone target not found
Native extension for WebGL target not found
Refreshing native plugins compatible for Editor in 0.41 ms, found 0 plugins.
Preloading 0 native plugins for Editor in 0.00 ms.
Invoked RoslynAnalysisRunner static constructor.
RoslynAnalysisRunner will not be running.
RoslynAnalysisRunner has terminated.
Mono: successfully reloaded assembly
- Completed reload, in  2.520 seconds
Platform modules already initialized, skipping
Refreshing native plugins compatible for Editor in 0.53 ms, found 0 plugins.
Preloading 0 native plugins for Editor in 0.00 ms.
Unloading 1109 Unused Serialized files (Serialized files now loaded: 0)
System memory in use before: 74.7 MB.
System memory in use after: 74.7 MB.

Unloading 5 unused Assets to reduce memory usage. Loaded Objects now: 1630.
Total: 3.399100 ms (FindLiveObjects: 0.182400 ms CreateObjectMapping: 0.065500 ms MarkObjects: 2.939900 ms  DeleteObjects: 0.208700 ms)

========================================================================
Received Prepare
Registering precompiled user dll's ...
Registered in 0.007359 seconds.
Begin MonoManager ReloadAssembly
Native extension for WindowsStandalone target not found
Native extension for OSXStandalone target not found
Native extension for WebGL target not found
Refreshing native plugins compatible for Editor in 0.46 ms, found 0 plugins.
Preloading 0 native plugins for Editor in 0.00 ms.
Invoked RoslynAnalysisRunner static constructor.
RoslynAnalysisRunner will not be running.
RoslynAnalysisRunner has terminated.
Mono: successfully reloaded assembly
- Completed reload, in  3.797 seconds
Platform modules already initialized, skipping
Refreshing native plugins compatible for Editor in 2.21 ms, found 0 plugins.
Preloading 0 native plugins for Editor in 0.00 ms.
Unloading 1109 Unused Serialized files (Serialized files now loaded: 0)
System memory in use before: 74.7 MB.
System memory in use after: 74.8 MB.

Unloading 5 unused Assets to reduce memory usage. Loaded Objects now: 1633.
Total: 5.874700 ms (FindLiveObjects: 0.394300 ms CreateObjectMapping: 0.122600 ms MarkObjects: 5.085400 ms  DeleteObjects: 0.268900 ms)

========================================================================
Received Prepare
Registering precompiled user dll's ...
Registered in 0.006613 seconds.
Begin MonoManager ReloadAssembly
Native extension for WindowsStandalone target not found
Native extension for OSXStandalone target not found
Native extension for WebGL target not found
Refreshing native plugins compatible for Editor in 0.50 ms, found 0 plugins.
Preloading 0 native plugins for Editor in 0.00 ms.
Invoked RoslynAnalysisRunner static constructor.
RoslynAnalysisRunner will not be running.
RoslynAnalysisRunner has terminated.
Mono: successfully reloaded assembly
- Completed reload, in  3.396 seconds
Platform modules already initialized, skipping
Refreshing native plugins compatible for Editor in 0.85 ms, found 0 plugins.
Preloading 0 native plugins for Editor in 0.00 ms.
Unloading 1109 Unused Serialized files (Serialized files now loaded: 0)
System memory in use before: 74.7 MB.
System memory in use after: 74.8 MB.

Unloading 5 unused Assets to reduce memory usage. Loaded Objects now: 1636.
Total: 4.811400 ms (FindLiveObjects: 0.624300 ms CreateObjectMapping: 0.224500 ms MarkObjects: 3.753200 ms  DeleteObjects: 0.204900 ms)

========================================================================
Received Import Request.
  Time since last request: 835.300372 seconds.
  path: Assets/Scripts/MoveBehavorUpDown.cs
  artifactKey: Guid(c087e62e4fea7b947beaf3f9705a6eb9) Importer(815301076,1909f56bfc062723c751e8b465ee728b)
Start importing Assets/Scripts/MoveBehavorUpDown.cs using Guid(c087e62e4fea7b947beaf3f9705a6eb9) Importer(815301076,1909f56bfc062723c751e8b465ee728b)  -> (artifact id: 'e7e57daca61cc92c69c91580d92164d1') in 0.045022 seconds
  Import took 0.055054 seconds .

========================================================================
Received Prepare
Registering precompiled user dll's ...
Registered in 0.006829 seconds.
Begin MonoManager ReloadAssembly
Native extension for WindowsStandalone target not found
Native extension for OSXStandalone target not found
Native extension for WebGL target not found
Refreshing native plugins compatible for Editor in 0.49 ms, found 0 plugins.
Preloading 0 native plugins for Editor in 0.00 ms.
Invoked RoslynAnalysisRunner static constructor.
RoslynAnalysisRunner will not be running.
RoslynAnalysisRunner has terminated.
Mono: successfully reloaded assembly
- Completed reload, in  3.457 seconds
Platform modules already initialized, skipping
Refreshing native plugins compatible for Editor in 0.74 ms, found 0 plugins.
Preloading 0 native plugins for Editor in 0.00 ms.
Unloading 1110 Unused Serialized files (Serialized files now loaded: 0)
System memory in use before: 74.7 MB.
System memory in use after: 74.8 MB.

Unloading 5 unused Assets to reduce memory usage. Loaded Objects now: 1640.
Total: 3.833300 ms (FindLiveObjects: 0.521900 ms CreateObjectMapping: 0.197400 ms MarkObjects: 2.923300 ms  DeleteObjects: 0.187100 ms)

========================================================================
Received Prepare
Registering precompiled user dll's ...
Registered in 0.003399 seconds.
Begin MonoManager ReloadAssembly
Native extension for WindowsStandalone target not found
Native extension for OSXStandalone target not found
Native extension for WebGL target not found
Refreshing native plugins compatible for Editor in 1.98 ms, found 0 plugins.
Preloading 0 native plugins for Editor in 0.00 ms.
Invoked RoslynAnalysisRunner static constructor.
RoslynAnalysisRunner will not be running.
RoslynAnalysisRunner has terminated.
Mono: successfully reloaded assembly
- Completed reload, in  2.228 seconds
Platform modules already initialized, skipping
Refreshing native plugins compatible for Editor in 0.62 ms, found 0 plugins.
Preloading 0 native plugins for Editor in 0.00 ms.
Unloading 1110 Unused Serialized files (Serialized files now loaded: 0)
System memory in use before: 74.7 MB.
System memory in use after: 74.8 MB.

Unloading 5 unused Assets to reduce memory usage. Loaded Objects now: 1643.
Total: 6.560000 ms (FindLiveObjects: 0.356100 ms CreateObjectMapping: 0.094800 ms MarkObjects: 5.263100 ms  DeleteObjects: 0.841000 ms)

========================================================================
Received Import Request.
  Time since last request: 1118.745449 seconds.
  path: Assets/Scripts/MoveBehavorUpDown.cs
  artifactKey: Guid(c087e62e4fea7b947beaf3f9705a6eb9) Importer(815301076,1909f56bfc062723c751e8b465ee728b)
Start importing Assets/Scripts/MoveBehavorUpDown.cs using Guid(c087e62e4fea7b947beaf3f9705a6eb9) Importer(815301076,1909f56bfc062723c751e8b465ee728b)  -> (artifact id: '57052bc30bff3b74f7866a9c907e9211') in 0.013589 seconds
  Import took 0.018542 seconds .

========================================================================
Received Prepare
Registering precompiled user dll's ...
Registered in 0.005281 seconds.
Begin MonoManager ReloadAssembly
Native extension for WindowsStandalone target not found
Native extension for OSXStandalone target not found
Native extension for WebGL target not found
Refreshing native plugins compatible for Editor in 0.49 ms, found 0 plugins.
Preloading 0 native plugins for Editor in 0.00 ms.
Invoked RoslynAnalysisRunner static constructor.
RoslynAnalysisRunner will not be running.
RoslynAnalysisRunner has terminated.
Mono: successfully reloaded assembly
- Completed reload, in  3.664 seconds
Platform modules already initialized, skipping
Refreshing native plugins compatible for Editor in 0.92 ms, found 0 plugins.
Preloading 0 native plugins for Editor in 0.00 ms.
Unloading 1110 Unused Serialized files (Serialized files now loaded: 0)
System memory in use before: 74.7 MB.
System memory in use after: 74.8 MB.

Unloading 5 unused Assets to reduce memory usage. Loaded Objects now: 1646.
Total: 5.388300 ms (FindLiveObjects: 1.504000 ms CreateObjectMapping: 0.218600 ms MarkObjects: 3.459500 ms  DeleteObjects: 0.201600 ms)

========================================================================
Received Prepare
Registering precompiled user dll's ...
Registered in 0.003214 seconds.
Begin MonoManager ReloadAssembly
Native extension for WindowsStandalone target not found
Native extension for OSXStandalone target not found
Native extension for WebGL target not found
Refreshing native plugins compatible for Editor in 0.36 ms, found 0 plugins.
Preloading 0 native plugins for Editor in 0.00 ms.
Invoked RoslynAnalysisRunner static constructor.
RoslynAnalysisRunner will not be running.
RoslynAnalysisRunner has terminated.
Mono: successfully reloaded assembly
- Completed reload, in  2.321 seconds
Platform modules already initialized, skipping
Refreshing native plugins compatible for Editor in 0.53 ms, found 0 plugins.
Preloading 0 native plugins for Editor in 0.00 ms.
Unloading 1110 Unused Serialized files (Serialized files now loaded: 0)
System memory in use before: 74.7 MB.
System memory in use after: 74.8 MB.

Unloading 5 unused Assets to reduce memory usage. Loaded Objects now: 1649.
Total: 3.271900 ms (FindLiveObjects: 0.196800 ms CreateObjectMapping: 0.065400 ms MarkObjects: 2.856800 ms  DeleteObjects: 0.150500 ms)

========================================================================
Received Prepare
Registering precompiled user dll's ...
Registered in 0.011607 seconds.
Begin MonoManager ReloadAssembly
Native extension for WindowsStandalone target not found
Native extension for OSXStandalone target not found
Native extension for WebGL target not found
Refreshing native plugins compatible for Editor in 0.36 ms, found 0 plugins.
Preloading 0 native plugins for Editor in 0.00 ms.
Invoked RoslynAnalysisRunner static constructor.
RoslynAnalysisRunner will not be running.
RoslynAnalysisRunner has terminated.
Mono: successfully reloaded assembly
- Completed reload, in  3.401 seconds
Platform modules already initialized, skipping
Refreshing native plugins compatible for Editor in 0.53 ms, found 0 plugins.
Preloading 0 native plugins for Editor in 0.00 ms.
Unloading 1110 Unused Serialized files (Serialized files now loaded: 0)
System memory in use before: 74.8 MB.
System memory in use after: 74.8 MB.

Unloading 5 unused Assets to reduce memory usage. Loaded Objects now: 1652.
Total: 10.471300 ms (FindLiveObjects: 0.260300 ms CreateObjectMapping: 0.124600 ms MarkObjects: 9.399600 ms  DeleteObjects: 0.684100 ms)

AssetImportWorkerClient::OnTransportError - code=2 error=End of file
